<?xml version="1.0" encoding="UTF-8"?>
<!-- Generated by org.testng.reporters.JUnitXMLReporter -->
<testsuite hostname="DESKTOP-2FI50H2" ignored="0" name="Test1" tests="4" failures="0" timestamp="04 Nov 2018 17:43:46 GMT" time="123.636" errors="0">
  <testcase name="Parameterized" time="8.723" classname="Testscripts.Testscript1"/>
  <testcase name="datafill" time="51.526" classname="Testscripts.Testscript1"/>
  <testcase name="bookaflight" time="17.192" classname="Testscripts.Testscript1"/>
  <testcase name="totalcount" time="21.41" classname="Testscripts.Testscript1"/>
</testsuite> <!-- Test1 -->
