<?xml version="1.0" encoding="UTF-8"?>
<testng-results skipped="0" failed="0" ignored="0" total="1" passed="1">
  <reporter-output>
  </reporter-output>
  <suite name="Suite" duration-ms="7423" started-at="2018-11-04T18:37:26Z" finished-at="2018-11-04T18:37:34Z">
    <groups>
    </groups>
    <test name="Test" duration-ms="7423" started-at="2018-11-04T18:37:26Z" finished-at="2018-11-04T18:37:34Z">
      <class name="Testscripts.Testscript1">
        <test-method status="PASS" signature="openbrowers(java.lang.String)[pri:0, instance:Testscripts.Testscript1@3ffc5af1]" name="openbrowers" is-config="true" duration-ms="5224" started-at="2018-11-04T18:37:26Z" finished-at="2018-11-04T18:37:32Z">
          <params>
            <param index="0">
              <value>
                <![CDATA[Chrome]]>
              </value>
            </param>
          </params>
          <reporter-output>
          </reporter-output>
        </test-method> <!-- openbrowers -->
        <test-method status="PASS" signature="signdoubleclick()[pri:0, instance:Testscripts.Testscript1@3ffc5af1]" name="signdoubleclick" duration-ms="2148" started-at="2018-11-04T18:37:32Z" finished-at="2018-11-04T18:37:34Z">
          <reporter-output>
          </reporter-output>
        </test-method> <!-- signdoubleclick -->
      </class> <!-- Testscripts.Testscript1 -->
    </test> <!-- Test -->
  </suite> <!-- Suite -->
</testng-results>
