<?xml version="1.0" encoding="UTF-8"?>
<testng-results skipped="0" failed="0" ignored="0" total="1" passed="1">
  <reporter-output>
  </reporter-output>
  <suite name="Suite" duration-ms="32784" started-at="2018-10-30T18:00:38Z" finished-at="2018-10-30T18:01:10Z">
    <groups>
    </groups>
    <test name="Test" duration-ms="32784" started-at="2018-10-30T18:00:38Z" finished-at="2018-10-30T18:01:10Z">
      <class name="Testscripts.Testscript1">
        <test-method status="PASS" signature="openbrowers(java.lang.String)[pri:0, instance:Testscripts.Testscript1@3ffc5af1]" name="openbrowers" is-config="true" duration-ms="6171" started-at="2018-10-30T18:00:38Z" finished-at="2018-10-30T18:00:44Z">
          <params>
            <param index="0">
              <value>
                <![CDATA[Chrome]]>
              </value>
            </param>
          </params>
          <reporter-output>
          </reporter-output>
        </test-method> <!-- openbrowers -->
        <test-method status="PASS" signature="totalcount(java.lang.String, java.lang.String)[pri:5, instance:Testscripts.Testscript1@3ffc5af1]" name="totalcount" duration-ms="26567" started-at="2018-10-30T18:00:44Z" finished-at="2018-10-30T18:01:10Z">
          <params>
            <param index="0">
              <value>
                <![CDATA[nino070]]>
              </value>
            </param>
            <param index="1">
              <value>
                <![CDATA[parayil007]]>
              </value>
            </param>
          </params>
          <reporter-output>
          </reporter-output>
        </test-method> <!-- totalcount -->
      </class> <!-- Testscripts.Testscript1 -->
    </test> <!-- Test -->
  </suite> <!-- Suite -->
</testng-results>
